<?xml version="1.0" encoding="UTF-8"?>
<!-- Generated by org.testng.reporters.JUnitReportReporter -->
<testsuite hostname="SEVEN-BITS" failures="0" tests="3" name="com.testcases.LoginPageTest" time="1.370" errors="0" timestamp="2022-07-25T07:58:43 IST" skipped="0">
  <testcase classname="com.testcases.LoginPageTest" name="verifyLogin" time="0.013"/>
  <system-out/>
  <testcase classname="com.testcases.LoginPageTest" name="loginTest" time="0.841"/>
  <system-out/>
  <testcase classname="com.testcases.LoginPageTest" name="NavLoginPage" time="0.516"/>
  <system-out/>
</testsuite> <!-- com.testcases.LoginPageTest -->
