<?xml version="1.0" encoding="UTF-8"?>
<!-- Generated by org.testng.reporters.JUnitReportReporter -->
<testsuite hostname="LAPTOP-28KS5UKO" failures="0" tests="1" name="com.test.testcases.LoginPageTest" time="28.906" errors="0" timestamp="2022-06-02T07:14:06 IST" skipped="0">
  <testcase classname="com.test.testcases.LoginPageTest" name="loginTest" time="28.906"/>
  <system-out/>
</testsuite> <!-- com.test.testcases.LoginPageTest -->
