<?xml version="1.0" encoding="UTF-8"?>
<!-- Generated by org.testng.reporters.JUnitReportReporter -->
<testsuite hostname="LAPTOP-28KS5UKO" failures="0" tests="1" name="com.test.testcases.CheckoutPageTest" time="23.817" errors="0" timestamp="2022-04-15T15:33:37 IST" skipped="0">
  <testcase classname="com.test.testcases.CheckoutPageTest" name="addProduct" time="23.817"/>
  <system-out/>
</testsuite> <!-- com.test.testcases.CheckoutPageTest -->
