<?xml version="1.0" encoding="UTF-8"?>
<!-- Generated by org.testng.reporters.JUnitReportReporter -->
<testsuite hostname="SEVEN-BITS" failures="0" tests="2" name="com.testcases.LoginPageTest" time="17.809" errors="0" timestamp="2022-07-29T16:07:09 IST" skipped="0">
  <testcase classname="com.testcases.LoginPageTest" name="login" time="13.060"/>
  <system-out/>
  <testcase classname="com.testcases.LoginPageTest" name="forgotPwdLinkVerify" time="4.749"/>
  <system-out/>
</testsuite> <!-- com.testcases.LoginPageTest -->
