<?xml version="1.0" encoding="UTF-8"?>
<!-- Generated by org.testng.reporters.JUnitReportReporter -->
<testsuite hostname="SEVEN-BITS" failures="0" tests="3" name="com.testcases.AddEmployeePageTest" time="16.931" errors="0" timestamp="2022-07-25T14:34:47 IST" skipped="0">
  <testcase classname="com.testcases.AddEmployeePageTest" name="login" time="4.536"/>
  <system-out/>
  <testcase classname="com.testcases.AddEmployeePageTest" name="addEmpTest" time="2.770"/>
  <system-out/>
  <testcase classname="com.testcases.AddEmployeePageTest" name="searchEmp" time="9.625"/>
  <system-out/>
</testsuite> <!-- com.testcases.AddEmployeePageTest -->
