<?xml version="1.0" encoding="UTF-8"?>
<!-- Generated by org.testng.reporters.JUnitReportReporter -->
<testsuite hostname="SEVEN-BITS" failures="0" tests="2" name="com.testcases.AddUserPageTest" time="17.446" errors="0" timestamp="2022-07-25T14:34:47 IST" skipped="0">
  <testcase classname="com.testcases.AddUserPageTest" name="navAddUser" time="7.183"/>
  <system-out/>
  <testcase classname="com.testcases.AddUserPageTest" name="addUser" time="10.263"/>
  <system-out/>
</testsuite> <!-- com.testcases.AddUserPageTest -->
