<?xml version="1.0" encoding="UTF-8"?>
<!-- Generated by org.testng.reporters.JUnitReportReporter -->
<testsuite hostname="SEVEN-BITS" failures="0" tests="1" name="com.testcases.EmployeeLoginPageTest" time="3.378" errors="0" timestamp="2022-07-25T14:34:47 IST" skipped="0">
  <testcase classname="com.testcases.EmployeeLoginPageTest" name="login" time="3.378"/>
  <system-out/>
</testsuite> <!-- com.testcases.EmployeeLoginPageTest -->
