<?xml version="1.0" encoding="UTF-8"?>
<!-- Generated by org.testng.reporters.JUnitReportReporter -->
<testsuite hostname="LAPTOP-28KS5UKO" failures="0" tests="1" name="com.bw.testcases.InitialPageTest" time="17.971" errors="0" timestamp="2022-03-13T10:28:58 IST" skipped="0">
  <testcase classname="com.bw.testcases.InitialPageTest" name="scrollTest" time="17.971"/>
  <system-out/>
</testsuite> <!-- com.bw.testcases.InitialPageTest -->
