<?xml version="1.0" encoding="UTF-8"?>
<!-- Generated by org.testng.reporters.JUnitReportReporter -->
<testsuite hostname="LAPTOP-28KS5UKO" failures="0" tests="1" name="com.bw.testcases.RegisterPageTest" time="32.567" errors="0" timestamp="2022-03-17T20:20:05 IST" skipped="0">
  <testcase classname="com.bw.testcases.RegisterPageTest" name="registerPageTest" time="32.567"/>
  <system-out/>
</testsuite> <!-- com.bw.testcases.RegisterPageTest -->
