<?xml version="1.0" encoding="UTF-8"?>
<!-- Generated by org.testng.reporters.JUnitReportReporter -->
<testsuite hostname="LAPTOP-28KS5UKO" failures="0" tests="2" name="com.testcases.LoginPageTest" time="17.838" errors="0" timestamp="2022-07-09T07:15:30 IST" skipped="0">
  <testcase classname="com.testcases.LoginPageTest" name="loginTest" time="7.895"/>
  <system-out/>
  <testcase classname="com.testcases.LoginPageTest" name="loginTest" time="9.943"/>
  <system-out/>
</testsuite> <!-- com.testcases.LoginPageTest -->
